\BOOKMARK [1][-]{section.1}{Introduzione}{}% 1
\BOOKMARK [2][-]{subsection.1.1}{Cos'\350 un sistema operativo}{section.1}% 2
\BOOKMARK [2][-]{subsection.1.2}{Organizzazione di un sistema di calcolo}{section.1}% 3
\BOOKMARK [3][-]{subsubsection.1.2.1}{Funzionamento}{subsection.1.2}% 4
\BOOKMARK [3][-]{subsubsection.1.2.2}{Memorie}{subsection.1.2}% 5
\BOOKMARK [3][-]{subsubsection.1.2.3}{I/O}{subsection.1.2}% 6
\BOOKMARK [2][-]{subsection.1.3}{Architettura degli elaboratori}{section.1}% 7
\BOOKMARK [3][-]{subsubsection.1.3.1}{Sistemi monoprocessore}{subsection.1.3}% 8
\BOOKMARK [3][-]{subsubsection.1.3.2}{Sistemi multiprocessore}{subsection.1.3}% 9
\BOOKMARK [3][-]{subsubsection.1.3.3}{Cluster di elaboratori}{subsection.1.3}% 10
\BOOKMARK [2][-]{subsection.1.4}{Struttura del sistema operativo}{section.1}% 11
\BOOKMARK [2][-]{subsection.1.5}{Attivit\340 del sistema operativo}{section.1}% 12
\BOOKMARK [3][-]{subsubsection.1.5.1}{Duplice modalit\340 di funzionamento}{subsection.1.5}% 13
\BOOKMARK [3][-]{subsubsection.1.5.2}{Timer}{subsection.1.5}% 14
\BOOKMARK [2][-]{subsection.1.6}{Gestione dei processi}{section.1}% 15
\BOOKMARK [2][-]{subsection.1.7}{Gestione della memoria}{section.1}% 16
\BOOKMARK [2][-]{subsection.1.8}{Sistemi distribuiti}{section.1}% 17
\BOOKMARK [1][-]{section.2}{Strutture dei sistemi operativi}{}% 18
\BOOKMARK [2][-]{subsection.2.1}{Chiamate di sistema}{section.2}% 19
\BOOKMARK [2][-]{subsection.2.2}{Categorie di chiamate di sistema}{section.2}% 20
\BOOKMARK [3][-]{subsubsection.2.2.1}{Controllo dei processi}{subsection.2.2}% 21
\BOOKMARK [3][-]{subsubsection.2.2.2}{Gestione dei file}{subsection.2.2}% 22
\BOOKMARK [3][-]{subsubsection.2.2.3}{Gestione dei dispositivi}{subsection.2.2}% 23
\BOOKMARK [3][-]{subsubsection.2.2.4}{Gestione delle informazioni}{subsection.2.2}% 24
\BOOKMARK [3][-]{subsubsection.2.2.5}{Comunicazione}{subsection.2.2}% 25
\BOOKMARK [3][-]{subsubsection.2.2.6}{Protezione}{subsection.2.2}% 26
\BOOKMARK [3][-]{subsubsection.2.2.7}{Programmi di sistema}{subsection.2.2}% 27
\BOOKMARK [2][-]{subsection.2.3}{Struttura del sistema operativo}{section.2}% 28
\BOOKMARK [3][-]{subsubsection.2.3.1}{Struttura semplice}{subsection.2.3}% 29
\BOOKMARK [3][-]{subsubsection.2.3.2}{Metodo stratificato}{subsection.2.3}% 30
\BOOKMARK [3][-]{subsubsection.2.3.3}{Microkernel}{subsection.2.3}% 31
\BOOKMARK [3][-]{subsubsection.2.3.4}{Moduli}{subsection.2.3}% 32
\BOOKMARK [2][-]{subsection.2.4}{Macchine virtuali}{section.2}% 33
\BOOKMARK [3][-]{subsubsection.2.4.1}{Vantaggi}{subsection.2.4}% 34
\BOOKMARK [3][-]{subsubsection.2.4.2}{Simulazione}{subsection.2.4}% 35
\BOOKMARK [3][-]{subsubsection.2.4.3}{Paravirtualizzazione}{subsection.2.4}% 36
\BOOKMARK [3][-]{subsubsection.2.4.4}{Macchina virtale Java}{subsection.2.4}% 37
\BOOKMARK [2][-]{subsection.2.5}{Avvio del sistema}{section.2}% 38
\BOOKMARK [1][-]{section.3}{Processi}{}% 39
\BOOKMARK [2][-]{subsection.3.1}{Concetto di processo}{section.3}% 40
\BOOKMARK [3][-]{subsubsection.3.1.1}{Processo}{subsection.3.1}% 41
\BOOKMARK [3][-]{subsubsection.3.1.2}{Stato del processo}{subsection.3.1}% 42
\BOOKMARK [3][-]{subsubsection.3.1.3}{Blocco di controllo dei processi}{subsection.3.1}% 43
\BOOKMARK [3][-]{subsubsection.3.1.4}{Thread}{subsection.3.1}% 44
\BOOKMARK [2][-]{subsection.3.2}{Scheduling dei processi}{section.3}% 45
\BOOKMARK [3][-]{subsubsection.3.2.1}{Code di scheduling}{subsection.3.2}% 46
\BOOKMARK [3][-]{subsubsection.3.2.2}{Scheduler}{subsection.3.2}% 47
\BOOKMARK [3][-]{subsubsection.3.2.3}{Cambio di contesto}{subsection.3.2}% 48
\BOOKMARK [2][-]{subsection.3.3}{Operazioni sui processi}{section.3}% 49
\BOOKMARK [3][-]{subsubsection.3.3.1}{Creazione di un processo}{subsection.3.3}% 50
\BOOKMARK [3][-]{subsubsection.3.3.2}{Terminazione di un processo}{subsection.3.3}% 51
\BOOKMARK [2][-]{subsection.3.4}{Comunicazione tra processi}{section.3}% 52
\BOOKMARK [3][-]{subsubsection.3.4.1}{Sistemi a memoria condivisa}{subsection.3.4}% 53
\BOOKMARK [3][-]{subsubsection.3.4.2}{Sistemi a scambio di messaggi}{subsection.3.4}% 54
\BOOKMARK [2][-]{subsection.3.5}{Comunicazione nei sistemi client-server}{section.3}% 55
\BOOKMARK [3][-]{subsubsection.3.5.1}{Socket}{subsection.3.5}% 56
\BOOKMARK [3][-]{subsubsection.3.5.2}{Chiamate di procedure note}{subsection.3.5}% 57
\BOOKMARK [3][-]{subsubsection.3.5.3}{Pipe}{subsection.3.5}% 58
\BOOKMARK [1][-]{section.4}{Thread}{}% 59
\BOOKMARK [2][-]{subsection.4.1}{Introduzione}{section.4}% 60
\BOOKMARK [3][-]{subsubsection.4.1.1}{Programmazione multicore}{subsection.4.1}% 61
\BOOKMARK [2][-]{subsection.4.2}{Modelli di programmazione multithread}{section.4}% 62
\BOOKMARK [3][-]{subsubsection.4.2.1}{Modello da molti a uno}{subsection.4.2}% 63
\BOOKMARK [3][-]{subsubsection.4.2.2}{Modello da uno a uno}{subsection.4.2}% 64
\BOOKMARK [3][-]{subsubsection.4.2.3}{Modello da molti a molti}{subsection.4.2}% 65
\BOOKMARK [2][-]{subsection.4.3}{Librerie dei thread}{section.4}% 66
\BOOKMARK [3][-]{subsubsection.4.3.1}{Pthreads}{subsection.4.3}% 67
\BOOKMARK [3][-]{subsubsection.4.3.2}{Thread Java}{subsection.4.3}% 68
\BOOKMARK [2][-]{subsection.4.4}{Questioni di programmazione multithread}{section.4}% 69
\BOOKMARK [3][-]{subsubsection.4.4.1}{Chiamate di sistema fork\(\) e exec\(\)}{subsection.4.4}% 70
\BOOKMARK [3][-]{subsubsection.4.4.2}{Cancellazione}{subsection.4.4}% 71
\BOOKMARK [3][-]{subsubsection.4.4.3}{Gestione dei segnali}{subsection.4.4}% 72
\BOOKMARK [3][-]{subsubsection.4.4.4}{Gruppi di thread}{subsection.4.4}% 73
\BOOKMARK [3][-]{subsubsection.4.4.5}{Dati specifici dei thread}{subsection.4.4}% 74
\BOOKMARK [3][-]{subsubsection.4.4.6}{Attivazione dello scheduler}{subsection.4.4}% 75
\BOOKMARK [1][-]{section.5}{Scheduling della CPU}{}% 76
\BOOKMARK [2][-]{subsection.5.1}{Concetti fondamentali}{section.5}% 77
\BOOKMARK [3][-]{subsubsection.5.1.1}{Ciclicit\340 delle fasi d'elaborazione e di I/O}{subsection.5.1}% 78
\BOOKMARK [3][-]{subsubsection.5.1.2}{Scheduler della CPU}{subsection.5.1}% 79
\BOOKMARK [3][-]{subsubsection.5.1.3}{Scheduling con diritto di prelazione}{subsection.5.1}% 80
\BOOKMARK [3][-]{subsubsection.5.1.4}{Dispatcher}{subsection.5.1}% 81
\BOOKMARK [2][-]{subsection.5.2}{Criteri di scheduling}{section.5}% 82
\BOOKMARK [2][-]{subsection.5.3}{Algoritmi di scheduling}{section.5}% 83
\BOOKMARK [3][-]{subsubsection.5.3.1}{Scheduling in ordine d'arrivo}{subsection.5.3}% 84
\BOOKMARK [3][-]{subsubsection.5.3.2}{Scheduling per brevit\340}{subsection.5.3}% 85
\BOOKMARK [3][-]{subsubsection.5.3.3}{Scheduling per priorit\340}{subsection.5.3}% 86
\BOOKMARK [3][-]{subsubsection.5.3.4}{Scheduling circolare}{subsection.5.3}% 87
\BOOKMARK [3][-]{subsubsection.5.3.5}{Scheduling a code multiple}{subsection.5.3}% 88
\BOOKMARK [3][-]{subsubsection.5.3.6}{Scheduling a code multiple con retroazione}{subsection.5.3}% 89
\BOOKMARK [2][-]{subsection.5.4}{Scheduling dei thread}{section.5}% 90
\BOOKMARK [3][-]{subsubsection.5.4.1}{Ambito della competizione}{subsection.5.4}% 91
\BOOKMARK [3][-]{subsubsection.5.4.2}{Scheduling di Pthread}{subsection.5.4}% 92
\BOOKMARK [2][-]{subsection.5.5}{Scheduling per sistemi multiprocessore}{section.5}% 93
\BOOKMARK [3][-]{subsubsection.5.5.1}{Soluzioni di scheduling per multiprocessori}{subsection.5.5}% 94
\BOOKMARK [3][-]{subsubsection.5.5.2}{Predilezione per il processore}{subsection.5.5}% 95
\BOOKMARK [3][-]{subsubsection.5.5.3}{Bilanciamento del carico}{subsection.5.5}% 96
\BOOKMARK [3][-]{subsubsection.5.5.4}{Processori multicore}{subsection.5.5}% 97
\BOOKMARK [3][-]{subsubsection.5.5.5}{Virtualizzazione e Scheduling}{subsection.5.5}% 98
\BOOKMARK [1][-]{section.6}{Sincronizzazione dei processi}{}% 99
\BOOKMARK [2][-]{subsection.6.1}{Introduzione}{section.6}% 100
\BOOKMARK [2][-]{subsection.6.2}{Problema della sezione critica}{section.6}% 101
\BOOKMARK [2][-]{subsection.6.3}{Soluzione di Peterson}{section.6}% 102
\BOOKMARK [2][-]{subsection.6.4}{Hardware per la sincronizzazione}{section.6}% 103
\BOOKMARK [2][-]{subsection.6.5}{Semafori}{section.6}% 104
\BOOKMARK [3][-]{subsubsection.6.5.1}{Uso dei semafori}{subsection.6.5}% 105
\BOOKMARK [3][-]{subsubsection.6.5.2}{Realizzazione}{subsection.6.5}% 106
\BOOKMARK [3][-]{subsubsection.6.5.3}{Stallo e attesa}{subsection.6.5}% 107
\BOOKMARK [3][-]{subsubsection.6.5.4}{Inversione di priorit\340}{subsection.6.5}% 108
\BOOKMARK [2][-]{subsection.6.6}{Problemi tipici di sincronizzazione}{section.6}% 109
\BOOKMARK [3][-]{subsubsection.6.6.1}{Produttori e consumatori con memoria limitata}{subsection.6.6}% 110
\BOOKMARK [3][-]{subsubsection.6.6.2}{Problema dei lettori-scrittori}{subsection.6.6}% 111
\BOOKMARK [3][-]{subsubsection.6.6.3}{Problema dei cinque filosofi}{subsection.6.6}% 112
\BOOKMARK [2][-]{subsection.6.7}{Monitor}{section.6}% 113
\BOOKMARK [3][-]{subsubsection.6.7.1}{Uso del costrutto monitor}{subsection.6.7}% 114
\BOOKMARK [3][-]{subsubsection.6.7.2}{Realizzazione di un monitor per mezzo di semafori}{subsection.6.7}% 115
\BOOKMARK [3][-]{subsubsection.6.7.3}{Ripresa dei processi all'interno di un monitor}{subsection.6.7}% 116
\BOOKMARK [2][-]{subsection.6.8}{Transazioni atomiche}{section.6}% 117
\BOOKMARK [3][-]{subsubsection.6.8.1}{Modello di sistema}{subsection.6.8}% 118
\BOOKMARK [3][-]{subsubsection.6.8.2}{Ripristino basato sulla registrazione delle modifiche}{subsection.6.8}% 119
\BOOKMARK [3][-]{subsubsection.6.8.3}{Punti di verifica}{subsection.6.8}% 120
\BOOKMARK [3][-]{subsubsection.6.8.4}{Transazioni atomiche concorrenti}{subsection.6.8}% 121
\BOOKMARK [1][-]{section.7}{Stallo dei processi}{}% 122
\BOOKMARK [2][-]{subsection.7.1}{Modello del sistema}{section.7}% 123
\BOOKMARK [2][-]{subsection.7.2}{Grafo di assegnazione delle risorse}{section.7}% 124
\BOOKMARK [2][-]{subsection.7.3}{Evitare le situazioni di stallo}{section.7}% 125
\BOOKMARK [3][-]{subsubsection.7.3.1}{Stato sicuro}{subsection.7.3}% 126
\BOOKMARK [3][-]{subsubsection.7.3.2}{Algoritmo con grafo di assegnazione delle risorse}{subsection.7.3}% 127
\BOOKMARK [3][-]{subsubsection.7.3.3}{Algoritmo del banchiere}{subsection.7.3}% 128
\BOOKMARK [3][-]{subsubsection.7.3.4}{Algoritmo di verifica della sicurezza}{subsection.7.3}% 129
\BOOKMARK [3][-]{subsubsection.7.3.5}{Algoritmo di richiesta delle risorse}{subsection.7.3}% 130
\BOOKMARK [1][-]{section.8}{Memoria centrale}{}% 131
\BOOKMARK [2][-]{subsection.8.1}{Introduzione}{section.8}% 132
\BOOKMARK [3][-]{subsubsection.8.1.1}{Dispositivi essenziali}{subsection.8.1}% 133
\BOOKMARK [3][-]{subsubsection.8.1.2}{Associazione degli indirizzi}{subsection.8.1}% 134
\BOOKMARK [3][-]{subsubsection.8.1.3}{Spazi di indirizzi logici e fisici a confronto}{subsection.8.1}% 135
\BOOKMARK [3][-]{subsubsection.8.1.4}{Caricamento dinamico}{subsection.8.1}% 136
\BOOKMARK [3][-]{subsubsection.8.1.5}{Collegamento dinamico e librerie condivise}{subsection.8.1}% 137
\BOOKMARK [2][-]{subsection.8.2}{Avvicendamento dei processi \(swapping\)}{section.8}% 138
\BOOKMARK [2][-]{subsection.8.3}{Allocazione contigua della memoria}{section.8}% 139
\BOOKMARK [3][-]{subsubsection.8.3.1}{Rilocazione e protezione della memoria}{subsection.8.3}% 140
\BOOKMARK [3][-]{subsubsection.8.3.2}{Allocazione della memoria}{subsection.8.3}% 141
\BOOKMARK [3][-]{subsubsection.8.3.3}{Frammentazione}{subsection.8.3}% 142
\BOOKMARK [2][-]{subsection.8.4}{Paginazione}{section.8}% 143
\BOOKMARK [3][-]{subsubsection.8.4.1}{Metodo di base}{subsection.8.4}% 144
\BOOKMARK [3][-]{subsubsection.8.4.2}{Architetture di paginazione}{subsection.8.4}% 145
\BOOKMARK [3][-]{subsubsection.8.4.3}{Protezione}{subsection.8.4}% 146
\BOOKMARK [3][-]{subsubsection.8.4.4}{Pagine condivise}{subsection.8.4}% 147
\BOOKMARK [2][-]{subsection.8.5}{Struttura della tabella delle pagine}{section.8}% 148
\BOOKMARK [3][-]{subsubsection.8.5.1}{Paginazione gerarchica}{subsection.8.5}% 149
\BOOKMARK [3][-]{subsubsection.8.5.2}{Tabella delle pagine di tipo hash}{subsection.8.5}% 150
\BOOKMARK [3][-]{subsubsection.8.5.3}{Tabella delle pagine invertita}{subsection.8.5}% 151
\BOOKMARK [2][-]{subsection.8.6}{Segmentazione}{section.8}% 152
\BOOKMARK [3][-]{subsubsection.8.6.1}{Metodo di base}{subsection.8.6}% 153
\BOOKMARK [3][-]{subsubsection.8.6.2}{Architettura di segmentazione}{subsection.8.6}% 154
\BOOKMARK [1][-]{section.9}{Memoria virtuale}{}% 155
\BOOKMARK [2][-]{subsection.9.1}{Introduzione}{section.9}% 156
\BOOKMARK [2][-]{subsection.9.2}{Paginazione su richiesta}{section.9}% 157
\BOOKMARK [3][-]{subsubsection.9.2.1}{Concetti fondamentali}{subsection.9.2}% 158
\BOOKMARK [3][-]{subsubsection.9.2.2}{Prestazioni della paginazione su richiesta}{subsection.9.2}% 159
\BOOKMARK [2][-]{subsection.9.3}{Copiatura su scrittura}{section.9}% 160
\BOOKMARK [2][-]{subsection.9.4}{Sostituzione delle pagine}{section.9}% 161
\BOOKMARK [3][-]{subsubsection.9.4.1}{Sostituzione delle pagine secondo l'ordine di arrivo \(FIFO\)}{subsection.9.4}% 162
\BOOKMARK [3][-]{subsubsection.9.4.2}{Sostituzione ottimale delle pagine}{subsection.9.4}% 163
\BOOKMARK [3][-]{subsubsection.9.4.3}{Sostituzione delle pagine usate meno recentemente \(LRU\)}{subsection.9.4}% 164
\BOOKMARK [3][-]{subsubsection.9.4.4}{Sostituzione delle pagine per approssimazione a LRU}{subsection.9.4}% 165
\BOOKMARK [3][-]{subsubsection.9.4.5}{Sostituzione delle pagine basata su conteggio}{subsection.9.4}% 166
\BOOKMARK [3][-]{subsubsection.9.4.6}{Disco di basso livello}{subsection.9.4}% 167
\BOOKMARK [2][-]{subsection.9.5}{Allocazione dei frame}{section.9}% 168
\BOOKMARK [3][-]{subsubsection.9.5.1}{Numero minimo di frame}{subsection.9.5}% 169
\BOOKMARK [3][-]{subsubsection.9.5.2}{Algoritmi di allocazione}{subsection.9.5}% 170
\BOOKMARK [3][-]{subsubsection.9.5.3}{Allocazione globale e allocazione locale}{subsection.9.5}% 171
\BOOKMARK [3][-]{subsubsection.9.5.4}{Accesso non uniforme alla memoria}{subsection.9.5}% 172
\BOOKMARK [2][-]{subsection.9.6}{Paginazione degenere \(thrashing\)}{section.9}% 173
\BOOKMARK [3][-]{subsubsection.9.6.1}{Cause della paginazione degenere}{subsection.9.6}% 174
\BOOKMARK [3][-]{subsubsection.9.6.2}{Modello dell'insieme del lavoro}{subsection.9.6}% 175
\BOOKMARK [3][-]{subsubsection.9.6.3}{Frequenza delle assenze di pagine}{subsection.9.6}% 176
\BOOKMARK [2][-]{subsection.9.7}{File mappati in memoria}{section.9}% 177
\BOOKMARK [3][-]{subsubsection.9.7.1}{Meccanismo di base}{subsection.9.7}% 178
\BOOKMARK [2][-]{subsection.9.8}{Allocazione di memoria del kernel}{section.9}% 179
\BOOKMARK [3][-]{subsubsection.9.8.1}{Sistema buddy}{subsection.9.8}% 180
\BOOKMARK [3][-]{subsubsection.9.8.2}{Allocazione a lastre}{subsection.9.8}% 181
\BOOKMARK [2][-]{subsection.9.9}{Altre considerazioni}{section.9}% 182
\BOOKMARK [3][-]{subsubsection.9.9.1}{Prepaginazione}{subsection.9.9}% 183
\BOOKMARK [3][-]{subsubsection.9.9.2}{Dimensione delle pagine}{subsection.9.9}% 184
\BOOKMARK [3][-]{subsubsection.9.9.3}{Portata della TLB}{subsection.9.9}% 185
\BOOKMARK [3][-]{subsubsection.9.9.4}{Vincoli di I/O}{subsection.9.9}% 186
\BOOKMARK [1][-]{section.10}{Interfaccia del file system}{}% 187
\BOOKMARK [2][-]{subsection.10.1}{Concetto di file}{section.10}% 188
\BOOKMARK [3][-]{subsubsection.10.1.1}{Attributi dei file}{subsection.10.1}% 189
\BOOKMARK [3][-]{subsubsection.10.1.2}{Operazioni sui file}{subsection.10.1}% 190
\BOOKMARK [3][-]{subsubsection.10.1.3}{Tipi di file}{subsection.10.1}% 191
\BOOKMARK [2][-]{subsection.10.2}{Metodi d'accesso}{section.10}% 192
\BOOKMARK [3][-]{subsubsection.10.2.1}{Accesso sequenziale}{subsection.10.2}% 193
\BOOKMARK [3][-]{subsubsection.10.2.2}{Accesso diretto}{subsection.10.2}% 194
\BOOKMARK [3][-]{subsubsection.10.2.3}{Altri metodi d'accesso}{subsection.10.2}% 195
\BOOKMARK [2][-]{subsection.10.3}{Struttura della directory e del disco}{section.10}% 196
\BOOKMARK [3][-]{subsubsection.10.3.1}{Directory con struttura ad albero}{subsection.10.3}% 197
\BOOKMARK [3][-]{subsubsection.10.3.2}{Directory con struttura a grafo aciclico}{subsection.10.3}% 198
\BOOKMARK [2][-]{subsection.10.4}{Montaggio di un file system}{section.10}% 199
\BOOKMARK [2][-]{subsection.10.5}{Condivisione di file}{section.10}% 200
\BOOKMARK [3][-]{subsubsection.10.5.1}{Utenti multipli}{subsection.10.5}% 201
\BOOKMARK [2][-]{subsection.10.6}{Protezione}{section.10}% 202
\BOOKMARK [3][-]{subsubsection.10.6.1}{Tipi d'accesso}{subsection.10.6}% 203
\BOOKMARK [3][-]{subsubsection.10.6.2}{Controllo degli accessi}{subsection.10.6}% 204
\BOOKMARK [3][-]{subsubsection.10.6.3}{Semantica della coerenza}{subsection.10.6}% 205
\BOOKMARK [1][-]{section.11}{Realizzazione del file system}{}% 206
\BOOKMARK [2][-]{subsection.11.1}{Concetto di file}{section.11}% 207
\BOOKMARK [2][-]{subsection.11.2}{Realizzazione del file system}{section.11}% 208
\BOOKMARK [3][-]{subsubsection.11.2.1}{Introduzione}{subsection.11.2}% 209
\BOOKMARK [3][-]{subsubsection.11.2.2}{Partizioni e montaggio}{subsection.11.2}% 210
\BOOKMARK [3][-]{subsubsection.11.2.3}{File system virtuali}{subsection.11.2}% 211
\BOOKMARK [2][-]{subsection.11.3}{Realizzazione delle directory}{section.11}% 212
\BOOKMARK [3][-]{subsubsection.11.3.1}{Lista lineare}{subsection.11.3}% 213
\BOOKMARK [3][-]{subsubsection.11.3.2}{Tabella hash}{subsection.11.3}% 214
\BOOKMARK [2][-]{subsection.11.4}{Metodi di allocazione}{section.11}% 215
\BOOKMARK [3][-]{subsubsection.11.4.1}{Allocazione contigua}{subsection.11.4}% 216
\BOOKMARK [3][-]{subsubsection.11.4.2}{Allocazione concatenata}{subsection.11.4}% 217
\BOOKMARK [3][-]{subsubsection.11.4.3}{Allocazione indicizzata}{subsection.11.4}% 218
\BOOKMARK [3][-]{subsubsection.11.4.4}{Prestazioni}{subsection.11.4}% 219
\BOOKMARK [2][-]{subsection.11.5}{Gestione dello spazio libero}{section.11}% 220
\BOOKMARK [3][-]{subsubsection.11.5.1}{Vettore di bit}{subsection.11.5}% 221
\BOOKMARK [3][-]{subsubsection.11.5.2}{Lista concatenata}{subsection.11.5}% 222
\BOOKMARK [3][-]{subsubsection.11.5.3}{Conteggio}{subsection.11.5}% 223
\BOOKMARK [3][-]{subsubsection.11.5.4}{Mappe di spazio}{subsection.11.5}% 224
\BOOKMARK [2][-]{subsection.11.6}{Efficienza e prestazioni}{section.11}% 225
\BOOKMARK [3][-]{subsubsection.11.6.1}{Efficienza}{subsection.11.6}% 226
\BOOKMARK [2][-]{subsection.11.7}{Ripristino}{section.11}% 227
\BOOKMARK [3][-]{subsubsection.11.7.1}{Verifica della coerenza}{subsection.11.7}% 228
\BOOKMARK [3][-]{subsubsection.11.7.2}{File system con registrazione delle modifiche}{subsection.11.7}% 229
\BOOKMARK [1][-]{section*.1}{Indice analitico}{}% 230
